inconsistent command arguments: "\braket" "physics.cwl" 
inconsistent command arguments: "\dv" "physics.cwl" 
inconsistent command arguments: "\dv" "physics.cwl" 
inconsistent command arguments: "\dyad" "physics.cwl" 
inconsistent command arguments: "\ev" "physics.cwl" 
inconsistent command arguments: "\expval" "physics.cwl" 
inconsistent command arguments: "\fdv" "physics.cwl" 
inconsistent command arguments: "\pdv" "physics.cwl" 
inconsistent command arguments: "\pdv" "physics.cwl" 
inconsistent command arguments: "\hyperref" "hyperref.cwl" 
inconsistent command arguments: "\hyperref" "hyperref.cwl" 
BibTeX-File /home/kaywu/Project/FirstPrinciple/midterm/ref.bib not loaded
BibTeX-File /home/kaywu/Project/FirstPrinciple/midterm/ref.bib not loaded
BibTeX-File /home/kaywu/Project/FirstPrinciple/midterm/ref.bib not loaded
BibTeX-File /home/kaywu/Project/FirstPrinciple/midterm/ref.bib not loaded
BibTeX-File /home/kaywu/Project/FirstPrinciple/midterm/ref.bib not loaded
BibTeX-File /home/kaywu/Project/FirstPrinciple/midterm/ref.bib not loaded
BibTeX-File /home/kaywu/Project/FirstPrinciple/midterm/ref.bib not loaded
BibTeX-File /home/kaywu/Project/FirstPrinciple/midterm/ref.bib not loaded
BibTeX-File /home/kaywu/Project/FirstPrinciple/midterm/ref.bib not loaded
BibTeX-File /home/kaywu/Project/FirstPrinciple/midterm/ref.bib not loaded
BibTeX-File /home/kaywu/Project/FirstPrinciple/midterm/ref.bib not loaded
BibTeX-File /home/kaywu/Project/FirstPrinciple/midterm/ref.bib not loaded
BibTeX-File /home/kaywu/Project/FirstPrinciple/midterm/ref.bib not loaded
BibTeX-File /home/kaywu/Project/FirstPrinciple/midterm/ref.bib not loaded
BibTeX-File /home/kaywu/Project/FirstPrinciple/midterm/ref.bib not loaded
BibTeX-File /home/kaywu/Project/FirstPrinciple/midterm/ref.bib not loaded
BibTeX-File /home/kaywu/Project/FirstPrinciple/midterm/ref.bib not loaded
BibTeX-File /home/kaywu/Project/FirstPrinciple/midterm/ref.bib not loaded
BibTeX-File /home/kaywu/Project/FirstPrinciple/midterm/ref.bib not loaded
BibTeX-File /home/kaywu/Project/FirstPrinciple/midterm/ref.bib not loaded
BibTeX-File /home/kaywu/Project/FirstPrinciple/midterm/ref.bib not loaded
BibTeX-File /home/kaywu/Project/FirstPrinciple/midterm/ref.bib not loaded
BibTeX-File /home/kaywu/Project/FirstPrinciple/midterm/ref.bib not loaded
BibTeX-File /home/kaywu/Project/FirstPrinciple/midterm/ref.bib not loaded
BibTeX-File /home/kaywu/Project/FirstPrinciple/midterm/ref.bib not loaded
BibTeX-File /home/kaywu/Project/FirstPrinciple/midterm/ref.bib not loaded
BibTeX-File /home/kaywu/Project/FirstPrinciple/midterm/ref.bib not loaded
BibTeX-File /home/kaywu/Project/FirstPrinciple/midterm/ref.bib not loaded
BibTeX-File /home/kaywu/Project/FirstPrinciple/midterm/ref.bib not loaded
BibTeX-File /home/kaywu/Project/FirstPrinciple/midterm/ref.bib not loaded
BibTeX-File /home/kaywu/Project/FirstPrinciple/midterm/ref.bib not loaded
BibTeX-File /home/kaywu/Project/FirstPrinciple/midterm/ref.bib not loaded
BibTeX-File /home/kaywu/Project/FirstPrinciple/midterm/ref.bib not loaded
BibTeX-File /home/kaywu/Project/FirstPrinciple/midterm/ref.bib not loaded
BibTeX-File /home/kaywu/Project/FirstPrinciple/midterm/ref.bib not loaded
BibTeX-File /home/kaywu/Project/FirstPrinciple/midterm/ref.bib not loaded
BibTeX-File /home/kaywu/Project/FirstPrinciple/midterm/ref.bib not loaded
BibTeX-File /home/kaywu/Project/FirstPrinciple/midterm/ref.bib not loaded
BibTeX-File /home/kaywu/Project/FirstPrinciple/midterm/ref.bib not loaded
BibTeX-File /home/kaywu/Project/FirstPrinciple/midterm/ref.bib not loaded
BibTeX-File /home/kaywu/Project/FirstPrinciple/midterm/ref.bib not loaded
BibTeX-File /home/kaywu/Project/FirstPrinciple/midterm/ref.bib not loaded
BibTeX-File /home/kaywu/Project/FirstPrinciple/midterm/ref.bib not loaded
BibTeX-File /home/kaywu/Project/FirstPrinciple/midterm/ref.bib not loaded
BibTeX-File /home/kaywu/Project/FirstPrinciple/midterm/ref.bib not loaded
BibTeX-File /home/kaywu/Project/FirstPrinciple/midterm/ref.bib not loaded
BibTeX-File /home/kaywu/Project/FirstPrinciple/midterm/ref.bib not loaded
BibTeX-File /home/kaywu/Project/FirstPrinciple/midterm/ref.bib not loaded
BibTeX-File /home/kaywu/Project/FirstPrinciple/midterm/ref.bib not loaded
BibTeX-File /home/kaywu/Project/FirstPrinciple/midterm/ref.bib not loaded
BibTeX-File /home/kaywu/Project/FirstPrinciple/midterm/ref.bib not loaded
BibTeX-File /home/kaywu/Project/FirstPrinciple/midterm/ref.bib not loaded
BibTeX-File /home/kaywu/Project/FirstPrinciple/midterm/ref.bib not loaded
BibTeX-File /home/kaywu/Project/FirstPrinciple/midterm/ref.bib not loaded
BibTeX-File /home/kaywu/Project/FirstPrinciple/midterm/ref.bib not loaded
BibTeX-File /home/kaywu/Project/FirstPrinciple/midterm/ref.bib not loaded
BibTeX-File /home/kaywu/Project/FirstPrinciple/midterm/ref.bib not loaded
BibTeX-File /home/kaywu/Project/FirstPrinciple/midterm/ref.bib not loaded
BibTeX-File /home/kaywu/Project/FirstPrinciple/midterm/ref.bib not loaded
BibTeX-File /home/kaywu/Project/FirstPrinciple/midterm/ref.bib not loaded
BibTeX-File /home/kaywu/Project/FirstPrinciple/midterm/ref.bib not loaded
BibTeX-File /home/kaywu/Project/FirstPrinciple/midterm/ref.bib not loaded
BibTeX-File /home/kaywu/Project/FirstPrinciple/midterm/ref.bib not loaded
BibTeX-File /home/kaywu/Project/FirstPrinciple/midterm/ref.bib not loaded
BibTeX-File /home/kaywu/Project/FirstPrinciple/midterm/ref.bib not loaded
BibTeX-File /home/kaywu/Project/FirstPrinciple/midterm/ref.bib not loaded
BibTeX-File /home/kaywu/Project/FirstPrinciple/midterm/ref.bib not loaded
BibTeX-File /home/kaywu/Project/FirstPrinciple/midterm/ref.bib not loaded
BibTeX-File /home/kaywu/Project/FirstPrinciple/midterm/ref.bib not loaded
BibTeX-File /home/kaywu/Project/FirstPrinciple/midterm/ref.bib not loaded
BibTeX-File /home/kaywu/Project/FirstPrinciple/midterm/ref.bib not loaded
BibTeX-File /home/kaywu/Project/FirstPrinciple/midterm/ref.bib not loaded
BibTeX-File /home/kaywu/Project/FirstPrinciple/midterm/ref.bib not loaded
BibTeX-File /home/kaywu/Project/FirstPrinciple/midterm/ref.bib not loaded
BibTeX-File /home/kaywu/Project/FirstPrinciple/midterm/ref.bib not loaded
BibTeX-File /home/kaywu/Project/FirstPrinciple/midterm/ref.bib not loaded
BibTeX-File /home/kaywu/Project/FirstPrinciple/midterm/ref.bib not loaded
BibTeX-File /home/kaywu/Project/FirstPrinciple/midterm/ref.bib not loaded
BibTeX-File /home/kaywu/Project/FirstPrinciple/midterm/ref.bib not loaded
BibTeX-File /home/kaywu/Project/FirstPrinciple/midterm/ref.bib not loaded
BibTeX-File /home/kaywu/Project/FirstPrinciple/midterm/ref.bib not loaded
BibTeX-File /home/kaywu/Project/FirstPrinciple/midterm/ref.bib not loaded
BibTeX-File /home/kaywu/Project/FirstPrinciple/midterm/ref.bib not loaded
BibTeX-File /home/kaywu/Project/FirstPrinciple/midterm/ref.bib not loaded
BibTeX-File /home/kaywu/Project/FirstPrinciple/midterm/ref.bib not loaded
BibTeX-File /home/kaywu/Project/FirstPrinciple/midterm/ref.bib not loaded
BibTeX-File /home/kaywu/Project/FirstPrinciple/midterm/ref.bib not loaded
BibTeX-File /home/kaywu/Project/FirstPrinciple/midterm/ref.bib not loaded
BibTeX-File /home/kaywu/Project/FirstPrinciple/midterm/ref.bib not loaded
BibTeX-File /home/kaywu/Project/FirstPrinciple/midterm/ref.bib not loaded
BibTeX-File /home/kaywu/Project/FirstPrinciple/midterm/ref.bib not loaded
BibTeX-File /home/kaywu/Project/FirstPrinciple/midterm/ref.bib not loaded
BibTeX-File /home/kaywu/Project/FirstPrinciple/midterm/ref.bib not loaded
BibTeX-File /home/kaywu/Project/FirstPrinciple/midterm/ref.bib not loaded
BibTeX-File /home/kaywu/Project/FirstPrinciple/midterm/ref.bib not loaded
BibTeX-File /home/kaywu/Project/FirstPrinciple/midterm/ref.bib not loaded
BibTeX-File /home/kaywu/Project/FirstPrinciple/midterm/ref.bib not loaded
BibTeX-File /home/kaywu/Project/FirstPrinciple/midterm/ref.bib not loaded
BibTeX-File /home/kaywu/Project/FirstPrinciple/midterm/ref.bib not loaded
BibTeX-File /home/kaywu/Project/FirstPrinciple/midterm/ref.bib not loaded
BibTeX-File /home/kaywu/Project/FirstPrinciple/midterm/ref.bib not loaded
BibTeX-File /home/kaywu/Project/FirstPrinciple/midterm/ref.bib not loaded
BibTeX-File /home/kaywu/Project/FirstPrinciple/midterm/ref.bib not loaded
BibTeX-File /home/kaywu/Project/FirstPrinciple/midterm/ref.bib not loaded
BibTeX-File /home/kaywu/Project/FirstPrinciple/midterm/ref.bib not loaded
BibTeX-File /home/kaywu/Project/FirstPrinciple/midterm/ref.bib not loaded
BibTeX-File /home/kaywu/Project/FirstPrinciple/midterm/ref.bib not loaded
BibTeX-File /home/kaywu/Project/FirstPrinciple/midterm/ref.bib not loaded
BibTeX-File /home/kaywu/Project/FirstPrinciple/midterm/ref.bib not loaded
BibTeX-File /home/kaywu/Project/FirstPrinciple/midterm/ref.bib not loaded
BibTeX-File /home/kaywu/Project/FirstPrinciple/midterm/ref.bib not loaded
BibTeX-File /home/kaywu/Project/FirstPrinciple/midterm/ref.bib not loaded
BibTeX-File /home/kaywu/Project/FirstPrinciple/midterm/ref.bib not loaded
BibTeX-File /home/kaywu/Project/FirstPrinciple/midterm/ref.bib not loaded
BibTeX-File /home/kaywu/Project/FirstPrinciple/midterm/ref.bib not loaded
BibTeX-File /home/kaywu/Project/FirstPrinciple/midterm/ref.bib not loaded
BibTeX-File /home/kaywu/Project/FirstPrinciple/midterm/ref.bib not loaded
BibTeX-File /home/kaywu/Project/FirstPrinciple/midterm/ref.bib not loaded
BibTeX-File /home/kaywu/Project/FirstPrinciple/midterm/ref.bib not loaded
BibTeX-File /home/kaywu/Project/FirstPrinciple/midterm/ref.bib not loaded
BibTeX-File /home/kaywu/Project/FirstPrinciple/midterm/ref.bib not loaded
BibTeX-File /home/kaywu/Project/FirstPrinciple/midterm/ref.bib not loaded
BibTeX-File /home/kaywu/Project/FirstPrinciple/midterm/ref.bib not loaded
BibTeX-File /home/kaywu/Project/FirstPrinciple/midterm/ref.bib not loaded
BibTeX-File /home/kaywu/Project/FirstPrinciple/midterm/ref.bib not loaded
BibTeX-File /home/kaywu/Project/FirstPrinciple/midterm/ref.bib not loaded
BibTeX-File /home/kaywu/Project/FirstPrinciple/midterm/ref.bib not loaded
BibTeX-File /home/kaywu/Project/FirstPrinciple/midterm/ref.bib not loaded
BibTeX-File /home/kaywu/Project/FirstPrinciple/midterm/ref.bib not loaded
BibTeX-File /home/kaywu/Project/FirstPrinciple/midterm/ref.bib not loaded
BibTeX-File /home/kaywu/Project/FirstPrinciple/midterm/ref.bib not loaded
BibTeX-File /home/kaywu/Project/FirstPrinciple/midterm/ref.bib not loaded
BibTeX-File /home/kaywu/Project/FirstPrinciple/midterm/ref.bib not loaded
BibTeX-File /home/kaywu/Project/FirstPrinciple/midterm/ref.bib not loaded
BibTeX-File /home/kaywu/Project/FirstPrinciple/midterm/ref.bib not loaded
BibTeX-File /home/kaywu/Project/FirstPrinciple/midterm/ref.bib not loaded
BibTeX-File /home/kaywu/Project/FirstPrinciple/midterm/ref.bib not loaded
BibTeX-File /home/kaywu/Project/FirstPrinciple/midterm/ref.bib not loaded
BibTeX-File /home/kaywu/Project/FirstPrinciple/midterm/ref.bib not loaded
BibTeX-File /home/kaywu/Project/FirstPrinciple/midterm/ref.bib not loaded
BibTeX-File /home/kaywu/Project/FirstPrinciple/midterm/ref.bib not loaded
BibTeX-File /home/kaywu/Project/FirstPrinciple/midterm/ref.bib not loaded
BibTeX-File /home/kaywu/Project/FirstPrinciple/midterm/ref.bib not loaded
BibTeX-File /home/kaywu/Project/FirstPrinciple/midterm/ref.bib not loaded
BibTeX-File /home/kaywu/Project/FirstPrinciple/midterm/ref.bib not loaded
BibTeX-File /home/kaywu/Project/FirstPrinciple/midterm/ref.bib not loaded
BibTeX-File /home/kaywu/Project/FirstPrinciple/midterm/ref.bib not loaded
BibTeX-File /home/kaywu/Project/FirstPrinciple/midterm/ref.bib not loaded
BibTeX-File /home/kaywu/Project/FirstPrinciple/midterm/ref.bib not loaded
BibTeX-File /home/kaywu/Project/FirstPrinciple/midterm/ref.bib not loaded
BibTeX-File /home/kaywu/Project/FirstPrinciple/midterm/ref.bib not loaded
BibTeX-File /home/kaywu/Project/FirstPrinciple/midterm/ref.bib not loaded
BibTeX-File /home/kaywu/Project/FirstPrinciple/midterm/ref.bib not loaded
BibTeX-File /home/kaywu/Project/FirstPrinciple/midterm/ref.bib not loaded
BibTeX-File /home/kaywu/Project/FirstPrinciple/midterm/ref.bib not loaded
BibTeX-File /home/kaywu/Project/FirstPrinciple/midterm/ref.bib not loaded
BibTeX-File /home/kaywu/Project/FirstPrinciple/midterm/ref.bib not loaded
BibTeX-File /home/kaywu/Project/FirstPrinciple/midterm/ref.bib not loaded
BibTeX-File /home/kaywu/Project/FirstPrinciple/midterm/ref.bib not loaded
BibTeX-File /home/kaywu/Project/FirstPrinciple/midterm/ref.bib not loaded
BibTeX-File /home/kaywu/Project/FirstPrinciple/midterm/ref.bib not loaded
BibTeX-File /home/kaywu/Project/FirstPrinciple/midterm/ref.bib not loaded
BibTeX-File /home/kaywu/Project/FirstPrinciple/midterm/ref.bib not loaded
BibTeX-File /home/kaywu/Project/FirstPrinciple/midterm/ref.bib not loaded
BibTeX-File /home/kaywu/Project/FirstPrinciple/midterm/ref.bib not loaded
BibTeX-File /home/kaywu/Project/FirstPrinciple/midterm/ref.bib not loaded
BibTeX-File /home/kaywu/Project/FirstPrinciple/midterm/ref.bib not loaded
BibTeX-File /home/kaywu/Project/FirstPrinciple/midterm/ref.bib not loaded
BibTeX-File /home/kaywu/Project/FirstPrinciple/midterm/ref.bib not loaded
BibTeX-File /home/kaywu/Project/FirstPrinciple/midterm/ref.bib not loaded
BibTeX-File /home/kaywu/Project/FirstPrinciple/midterm/ref.bib not loaded
BibTeX-File /home/kaywu/Project/FirstPrinciple/midterm/ref.bib not loaded
BibTeX-File /home/kaywu/Project/FirstPrinciple/midterm/ref.bib not loaded
BibTeX-File /home/kaywu/Project/FirstPrinciple/midterm/ref.bib not loaded
BibTeX-File /home/kaywu/Project/FirstPrinciple/midterm/ref.bib not loaded
BibTeX-File /home/kaywu/Project/FirstPrinciple/midterm/ref.bib not loaded
BibTeX-File /home/kaywu/Project/FirstPrinciple/midterm/ref.bib not loaded
BibTeX-File /home/kaywu/Project/FirstPrinciple/midterm/ref.bib not loaded
BibTeX-File /home/kaywu/Project/FirstPrinciple/midterm/ref.bib not loaded
BibTeX-File /home/kaywu/Project/FirstPrinciple/midterm/ref.bib not loaded
BibTeX-File /home/kaywu/Project/FirstPrinciple/midterm/ref.bib not loaded
BibTeX-File /home/kaywu/Project/FirstPrinciple/midterm/ref.bib not loaded
BibTeX-File /home/kaywu/Project/FirstPrinciple/midterm/ref.bib not loaded
BibTeX-File /home/kaywu/Project/FirstPrinciple/midterm/ref.bib not loaded
BibTeX-File /home/kaywu/Project/FirstPrinciple/midterm/ref.bib not loaded
BibTeX-File /home/kaywu/Project/FirstPrinciple/midterm/ref.bib not loaded
BibTeX-File /home/kaywu/Project/FirstPrinciple/midterm/ref.bib not loaded
BibTeX-File /home/kaywu/Project/FirstPrinciple/midterm/ref.bib not loaded
BibTeX-File /home/kaywu/Project/FirstPrinciple/midterm/ref.bib not loaded
BibTeX-File /home/kaywu/Project/FirstPrinciple/midterm/ref.bib not loaded
BibTeX-File /home/kaywu/Project/FirstPrinciple/midterm/ref.bib not loaded
BibTeX-File /home/kaywu/Project/FirstPrinciple/midterm/ref.bib not loaded
BibTeX-File /home/kaywu/Project/FirstPrinciple/midterm/ref.bib not loaded
BibTeX-File /home/kaywu/Project/FirstPrinciple/midterm/ref.bib not loaded
BibTeX-File /home/kaywu/Project/FirstPrinciple/midterm/ref.bib not loaded
BibTeX-File /home/kaywu/Project/FirstPrinciple/midterm/ref.bib not loaded
BibTeX-File /home/kaywu/Project/FirstPrinciple/midterm/ref.bib not loaded
BibTeX-File /home/kaywu/Project/FirstPrinciple/midterm/ref.bib not loaded
BibTeX-File /home/kaywu/Project/FirstPrinciple/midterm/ref.bib not loaded
BibTeX-File /home/kaywu/Project/FirstPrinciple/midterm/ref.bib not loaded
BibTeX-File /home/kaywu/Project/FirstPrinciple/midterm/ref.bib not loaded
BibTeX-File /home/kaywu/Project/FirstPrinciple/midterm/ref.bib not loaded
BibTeX-File /home/kaywu/Project/FirstPrinciple/midterm/ref.bib not loaded
BibTeX-File /home/kaywu/Project/FirstPrinciple/midterm/ref.bib not loaded
BibTeX-File /home/kaywu/Project/FirstPrinciple/midterm/ref.bib not loaded
BibTeX-File /home/kaywu/Project/FirstPrinciple/midterm/ref.bib not loaded
BibTeX-File /home/kaywu/Project/FirstPrinciple/midterm/ref.bib not loaded
